<?xml version="1.0" encoding="UTF-8"?>
<!-- Generated by org.testng.reporters.JUnitXMLReporter -->
<testsuite ignored="0" hostname="DESKTOP-P2JOM8B" failures="10" tests="12" name="Parallel Test" time="13.251" errors="0" timestamp="2025-05-11T21:58:06 IST">
  <testcase classname="anujpal.PurchaseAProductEnd_To_End.ConfirmMessageTest" name="confirmPageTest" time="0.127">
    <skipped/>
  </testcase> <!-- confirmPageTest -->
  <testcase classname="anujpal.PurchaseAProductEnd_To_End.ConfirmMessageTest" name="confirmPageTest" time="0.002">
    <failure type="java.lang.NullPointerException" message="Cannot invoke &amp;quot;org.openqa.selenium.SearchContext.findElement(org.openqa.selenium.By)&amp;quot; because &amp;quot;this.searchContext&amp;quot; is null">
      <![CDATA[java.lang.NullPointerException: Cannot invoke "org.openqa.selenium.SearchContext.findElement(org.openqa.selenium.By)" because "this.searchContext" is null
at org.openqa.selenium.support.pagefactory.DefaultElementLocator.findElement(DefaultElementLocator.java:68)
at org.openqa.selenium.support.pagefactory.internal.LocatingElementHandler.invoke(LocatingElementHandler.java:38)
at jdk.proxy2/jdk.proxy2.$Proxy16.getText(Unknown Source)
at anujpal.PurchaseAProductEnd_To_End.ConfirmMessageTest.confirmPageTest(ConfirmMessageTest.java:13)
at java.base/java.util.concurrent.ThreadPoolExecutor.runWorker(ThreadPoolExecutor.java:1136)
at java.base/java.util.concurrent.ThreadPoolExecutor$Worker.run(ThreadPoolExecutor.java:635)
at java.base/java.lang.Thread.run(Thread.java:842)
... Removed 12 stack frames]]>
    </failure>
  </testcase> <!-- confirmPageTest -->
  <testcase classname="anujpal.PurchaseAProductEnd_To_End.ProductAddTest" name="addProductToCart" time="0.147">
    <failure type="java.lang.NullPointerException" message="Cannot invoke &amp;quot;org.openqa.selenium.support.ui.WebDriverWait.until(java.util.function.Function)&amp;quot; because the return value of &amp;quot;GlobalComponent.CommonUtility.getWait()&amp;quot; is null">
      <![CDATA[java.lang.NullPointerException: Cannot invoke "org.openqa.selenium.support.ui.WebDriverWait.until(java.util.function.Function)" because the return value of "GlobalComponent.CommonUtility.getWait()" is null
at GlobalComponent.CommonUtility.waitForElementList(CommonUtility.java:18)
at anujpal.PurchaseAProductEnd_To_End.ProductPage.VerifyProductDisplay(ProductPage.java:31)
at anujpal.PurchaseAProductEnd_To_End.ProductAddTest.addProductToCart(ProductAddTest.java:12)
at java.base/java.util.concurrent.ThreadPoolExecutor.runWorker(ThreadPoolExecutor.java:1136)
at java.base/java.util.concurrent.ThreadPoolExecutor$Worker.run(ThreadPoolExecutor.java:635)
at java.base/java.lang.Thread.run(Thread.java:842)
... Removed 12 stack frames]]>
    </failure>
  </testcase> <!-- addProductToCart -->
  <testcase classname="anujpal.PurchaseAProductEnd_To_End.CheckOutTest" name="checkOutItemTest" time="0.147">
    <skipped/>
  </testcase> <!-- checkOutItemTest -->
  <testcase classname="anujpal.PurchaseAProductEnd_To_End.CartTest" name="myCart" time="0.164">
    <failure type="java.lang.NullPointerException" message="Cannot invoke &amp;quot;org.openqa.selenium.support.ui.WebDriverWait.until(java.util.function.Function)&amp;quot; because the return value of &amp;quot;GlobalComponent.CommonUtility.getWait()&amp;quot; is null">
      <![CDATA[java.lang.NullPointerException: Cannot invoke "org.openqa.selenium.support.ui.WebDriverWait.until(java.util.function.Function)" because the return value of "GlobalComponent.CommonUtility.getWait()" is null
at GlobalComponent.CommonUtility.waitForElement(CommonUtility.java:14)
at anujpal.PurchaseAProductEnd_To_End.CartPage.clickOnCartButton(CartPage.java:34)
at anujpal.PurchaseAProductEnd_To_End.CartTest.myCart(CartTest.java:12)
at java.base/java.util.concurrent.ThreadPoolExecutor.runWorker(ThreadPoolExecutor.java:1136)
at java.base/java.util.concurrent.ThreadPoolExecutor$Worker.run(ThreadPoolExecutor.java:635)
at java.base/java.lang.Thread.run(Thread.java:842)
... Removed 12 stack frames]]>
    </failure>
  </testcase> <!-- myCart -->
  <testcase classname="anujpal.PurchaseAProductEnd_To_End.CheckOutTest" name="checkOutItemTest" time="0.011">
    <failure type="java.lang.IllegalArgumentException" message="Driver must be set">
      <![CDATA[java.lang.IllegalArgumentException: Driver must be set
at org.openqa.selenium.internal.Require.nonNull(Require.java:64)
at org.openqa.selenium.interactions.Actions.<init>(Actions.java:67)
at org.openqa.selenium.interactions.Actions.<init>(Actions.java:63)
at anujpal.PurchaseAProductEnd_To_End.CheckOutPage.country(CheckOutPage.java:39)
at anujpal.PurchaseAProductEnd_To_End.CheckOutTest.checkOutItemTest(CheckOutTest.java:11)
at java.base/java.util.concurrent.ThreadPoolExecutor.runWorker(ThreadPoolExecutor.java:1136)
at java.base/java.util.concurrent.ThreadPoolExecutor$Worker.run(ThreadPoolExecutor.java:635)
at java.base/java.lang.Thread.run(Thread.java:842)
... Removed 12 stack frames]]>
    </failure>
  </testcase> <!-- checkOutItemTest -->
  <testcase classname="anujpal.PurchaseAProductEnd_To_End.ProductAddTest" name="addProductToCart" time="0.261">
    <failure type="java.lang.IllegalArgumentException" message="ScreenCapture path must not be null or empty">
      <![CDATA[java.lang.IllegalArgumentException: ScreenCapture path must not be null or empty
at com.aventstack.extentreports.util.Assert.notEmpty(Assert.java:12)
at com.aventstack.extentreports.ExtentTest.addScreenCaptureFromPath(ExtentTest.java:1100)
at listeners.TestListeners.onTestFailure(TestListeners.java:40)
at java.base/java.util.concurrent.ThreadPoolExecutor.runWorker(ThreadPoolExecutor.java:1136)
at java.base/java.util.concurrent.ThreadPoolExecutor$Worker.run(ThreadPoolExecutor.java:635)
at java.base/java.lang.Thread.run(Thread.java:842)
... Removed 9 stack frames]]>
    </failure>
  </testcase> <!-- addProductToCart -->
  <testcase classname="anujpal.PurchaseAProductEnd_To_End.CartTest" name="myCart" time="0.274">
    <failure type="java.lang.IllegalArgumentException" message="ScreenCapture path must not be null or empty">
      <![CDATA[java.lang.IllegalArgumentException: ScreenCapture path must not be null or empty
at com.aventstack.extentreports.util.Assert.notEmpty(Assert.java:12)
at com.aventstack.extentreports.ExtentTest.addScreenCaptureFromPath(ExtentTest.java:1100)
at listeners.TestListeners.onTestFailure(TestListeners.java:40)
at java.base/java.util.concurrent.ThreadPoolExecutor.runWorker(ThreadPoolExecutor.java:1136)
at java.base/java.util.concurrent.ThreadPoolExecutor$Worker.run(ThreadPoolExecutor.java:635)
at java.base/java.lang.Thread.run(Thread.java:842)
... Removed 9 stack frames]]>
    </failure>
  </testcase> <!-- myCart -->
  <testcase classname="anujpal.PurchaseAProductEnd_To_End.ConfirmMessageTest" name="confirmPageTest" time="0.275">
    <failure type="java.lang.IllegalArgumentException" message="ScreenCapture path must not be null or empty">
      <![CDATA[java.lang.IllegalArgumentException: ScreenCapture path must not be null or empty
at com.aventstack.extentreports.util.Assert.notEmpty(Assert.java:12)
at com.aventstack.extentreports.ExtentTest.addScreenCaptureFromPath(ExtentTest.java:1100)
at listeners.TestListeners.onTestFailure(TestListeners.java:40)
at java.base/java.util.concurrent.ThreadPoolExecutor.runWorker(ThreadPoolExecutor.java:1136)
at java.base/java.util.concurrent.ThreadPoolExecutor$Worker.run(ThreadPoolExecutor.java:635)
at java.base/java.lang.Thread.run(Thread.java:842)
... Removed 9 stack frames]]>
    </failure>
  </testcase> <!-- confirmPageTest -->
  <testcase classname="anujpal.PurchaseAProductEnd_To_End.CheckOutTest" name="checkOutItemTest" time="0.277">
    <failure type="java.lang.IllegalArgumentException" message="ScreenCapture path must not be null or empty">
      <![CDATA[java.lang.IllegalArgumentException: ScreenCapture path must not be null or empty
at com.aventstack.extentreports.util.Assert.notEmpty(Assert.java:12)
at com.aventstack.extentreports.ExtentTest.addScreenCaptureFromPath(ExtentTest.java:1100)
at listeners.TestListeners.onTestFailure(TestListeners.java:40)
at java.base/java.util.concurrent.ThreadPoolExecutor.runWorker(ThreadPoolExecutor.java:1136)
at java.base/java.util.concurrent.ThreadPoolExecutor$Worker.run(ThreadPoolExecutor.java:635)
at java.base/java.lang.Thread.run(Thread.java:842)
... Removed 9 stack frames]]>
    </failure>
  </testcase> <!-- checkOutItemTest -->
  <testcase classname="anujpal.PurchaseAProductEnd_To_End.LoginTest" name="testLogin" time="0.017">
    <failure type="java.lang.NullPointerException" message="Cannot invoke &amp;quot;org.openqa.selenium.support.ui.WebDriverWait.until(java.util.function.Function)&amp;quot; because the return value of &amp;quot;GlobalComponent.CommonUtility.getWait()&amp;quot; is null">
      <![CDATA[java.lang.NullPointerException: Cannot invoke "org.openqa.selenium.support.ui.WebDriverWait.until(java.util.function.Function)" because the return value of "GlobalComponent.CommonUtility.getWait()" is null
at GlobalComponent.CommonUtility.waitForElement(CommonUtility.java:14)
at anujpal.PurchaseAProductEnd_To_End.LoginPage.loginFunction(LoginPage.java:29)
at anujpal.PurchaseAProductEnd_To_End.LoginTest.testLogin(LoginTest.java:14)
at java.base/java.util.concurrent.ThreadPoolExecutor.runWorker(ThreadPoolExecutor.java:1136)
at java.base/java.util.concurrent.ThreadPoolExecutor$Worker.run(ThreadPoolExecutor.java:635)
at java.base/java.lang.Thread.run(Thread.java:842)
... Removed 12 stack frames]]>
    </failure>
  </testcase> <!-- testLogin -->
  <testcase classname="anujpal.PurchaseAProductEnd_To_End.LoginTest" name="testLogin" time="2.739">
    <failure type="java.lang.IllegalArgumentException" message="ScreenCapture path must not be null or empty">
      <![CDATA[java.lang.IllegalArgumentException: ScreenCapture path must not be null or empty
at com.aventstack.extentreports.util.Assert.notEmpty(Assert.java:12)
at com.aventstack.extentreports.ExtentTest.addScreenCaptureFromPath(ExtentTest.java:1100)
at listeners.TestListeners.onTestFailure(TestListeners.java:40)
at java.base/java.util.concurrent.ThreadPoolExecutor.runWorker(ThreadPoolExecutor.java:1136)
at java.base/java.util.concurrent.ThreadPoolExecutor$Worker.run(ThreadPoolExecutor.java:635)
at java.base/java.lang.Thread.run(Thread.java:842)
... Removed 9 stack frames]]>
    </failure>
  </testcase> <!-- testLogin -->
</testsuite> <!-- Parallel Test -->
